# JRE version: Java(TM) SE Runtime Environment (8.0_121-b13) (build 1.8.0_121-b13)
# Java VM: Java HotSpot(TM) 64-Bit Server VM (25.121-b13 mixed mode windows-amd64 compressed oops)
Heap:
 PSYoungGen      total 38400K, used 21537K [0x00000000d5c00000, 0x00000000d8680000, 0x0000000100000000)
  eden space 33280K, 64% used [0x00000000d5c00000,0x00000000d71086a0,0x00000000d7c80000)
  from space 5120K, 0% used [0x00000000d7c80000,0x00000000d7c80000,0x00000000d8180000)
  to   space 5120K, 0% used [0x00000000d8180000,0x00000000d8180000,0x00000000d8680000)
 ParOldGen       total 76288K, used 5343K [0x0000000081400000, 0x0000000085e80000, 0x00000000d5c00000)
  object space 76288K, 7% used [0x0000000081400000,0x0000000081937e88,0x0000000085e80000)
 Metaspace       used 10660K, capacity 10856K, committed 11008K, reserved 1058816K
  class space    used 1381K, capacity 1480K, committed 1536K, reserved 1048576K
GC Heap History (10 events):
Event: 4.409 GC heap before
{Heap before GC invocations=2 (full 0):
 PSYoungGen      total 38400K, used 34842K [0x00000000d5c00000, 0x00000000d8680000, 0x0000000100000000)
  eden space 33280K, 90% used [0x00000000d5c00000,0x00000000d7978280,0x00000000d7c80000)
  from space 5120K, 91% used [0x00000000d7c80000,0x00000000d810e680,0x00000000d8180000)
  to   space 5120K, 0% used [0x00000000d8180000,0x00000000d8180000,0x00000000d8680000)
 ParOldGen       total 87552K, used 6403K [0x0000000081400000, 0x0000000086980000, 0x00000000d5c00000)
  object space 87552K, 7% used [0x0000000081400000,0x0000000081a40cc0,0x0000000086980000)
 Metaspace       used 10419K, capacity 10600K, committed 10752K, reserved 1058816K
  class space    used 1381K, capacity 1480K, committed 1536K, reserved 1048576K
Event: 4.419 GC heap after
Heap after GC invocations=2 (full 0):
 PSYoungGen      total 38400K, used 5107K [0x00000000d5c00000, 0x00000000d8680000, 0x0000000100000000)
  eden space 33280K, 0% used [0x00000000d5c00000,0x00000000d5c00000,0x00000000d7c80000)
  from space 5120K, 99% used [0x00000000d8180000,0x00000000d867cdb8,0x00000000d8680000)
  to   space 5120K, 0% used [0x00000000d7c80000,0x00000000d7c80000,0x00000000d8180000)
 ParOldGen       total 87552K, used 13714K [0x0000000081400000, 0x0000000086980000, 0x00000000d5c00000)
  object space 87552K, 15% used [0x0000000081400000,0x0000000082164830,0x0000000086980000)
 Metaspace       used 10419K, capacity 10600K, committed 10752K, reserved 1058816K
  class space    used 1381K, capacity 1480K, committed 1536K, reserved 1048576K
}
Event: 4.566 GC heap before
{Heap before GC invocations=3 (full 0):
 PSYoungGen      total 38400K, used 35603K [0x00000000d5c00000, 0x00000000d8680000, 0x0000000100000000)
  eden space 33280K, 91% used [0x00000000d5c00000,0x00000000d79c7fd0,0x00000000d7c80000)
  from space 5120K, 99% used [0x00000000d8180000,0x00000000d867cdb8,0x00000000d8680000)
  to   space 5120K, 0% used [0x00000000d7c80000,0x00000000d7c80000,0x00000000d8180000)
 ParOldGen       total 87552K, used 13714K [0x0000000081400000, 0x0000000086980000, 0x00000000d5c00000)
  object space 87552K, 15% used [0x0000000081400000,0x0000000082164830,0x0000000086980000)
 Metaspace       used 10466K, capacity 10664K, committed 10752K, reserved 1058816K
  class space    used 1381K, capacity 1480K, committed 1536K, reserved 1048576K
Event: 4.569 GC heap after
Heap after GC invocations=3 (full 0):
 PSYoungGen      total 38400K, used 5114K [0x00000000d5c00000, 0x00000000d8680000, 0x0000000100000000)
  eden space 33280K, 0% used [0x00000000d5c00000,0x00000000d5c00000,0x00000000d7c80000)
  from space 5120K, 99% used [0x00000000d7c80000,0x00000000d817ea78,0x00000000d8180000)
  to   space 5120K, 0% used [0x00000000d8180000,0x00000000d8180000,0x00000000d8680000)
 ParOldGen       total 87552K, used 13754K [0x0000000081400000, 0x0000000086980000, 0x00000000d5c00000)
  object space 87552K, 15% used [0x0000000081400000,0x000000008216e830,0x0000000086980000)
 Metaspace       used 10466K, capacity 10664K, committed 10752K, reserved 1058816K
  class space    used 1381K, capacity 1480K, committed 1536K, reserved 1048576K
}
Event: 4.654 GC heap before
{Heap before GC invocations=4 (full 0):
 PSYoungGen      total 38400K, used 35970K [0x00000000d5c00000, 0x00000000d8680000, 0x0000000100000000)
  eden space 33280K, 92% used [0x00000000d5c00000,0x00000000d7a21f18,0x00000000d7c80000)
  from space 5120K, 99% used [0x00000000d7c80000,0x00000000d817ea78,0x00000000d8180000)
  to   space 5120K, 0% used [0x00000000d8180000,0x00000000d8180000,0x00000000d8680000)
 ParOldGen       total 87552K, used 13754K [0x0000000081400000, 0x0000000086980000, 0x00000000d5c00000)
  object space 87552K, 15% used [0x0000000081400000,0x000000008216e830,0x0000000086980000)
 Metaspace       used 10551K, capacity 10728K, committed 11008K, reserved 1058816K
  class space    used 1381K, capacity 1480K, committed 1536K, reserved 1048576K
Event: 4.661 GC heap after
Heap after GC invocations=4 (full 0):
 PSYoungGen      total 38400K, used 5090K [0x00000000d5c00000, 0x00000000d8680000, 0x0000000100000000)
  eden space 33280K, 0% used [0x00000000d5c00000,0x00000000d5c00000,0x00000000d7c80000)
  from space 5120K, 99% used [0x00000000d8180000,0x00000000d86789a0,0x00000000d8680000)
  to   space 5120K, 0% used [0x00000000d7c80000,0x00000000d7c80000,0x00000000d8180000)
 ParOldGen       total 87552K, used 21414K [0x0000000081400000, 0x0000000086980000, 0x00000000d5c00000)
  object space 87552K, 24% used [0x0000000081400000,0x00000000828e9b30,0x0000000086980000)
 Metaspace       used 10551K, capacity 10728K, committed 11008K, reserved 1058816K
  class space    used 1381K, capacity 1480K, committed 1536K, reserved 1048576K
}
Event: 4.732 GC heap before
{Heap before GC invocations=5 (full 0):
 PSYoungGen      total 38400K, used 36676K [0x00000000d5c00000, 0x00000000d8680000, 0x0000000100000000)
  eden space 33280K, 94% used [0x00000000d5c00000,0x00000000d7ad8a00,0x00000000d7c80000)
  from space 5120K, 99% used [0x00000000d8180000,0x00000000d86789a0,0x00000000d8680000)
  to   space 5120K, 0% used [0x00000000d7c80000,0x00000000d7c80000,0x00000000d8180000)
 ParOldGen       total 87552K, used 21414K [0x0000000081400000, 0x0000000086980000, 0x00000000d5c00000)
  object space 87552K, 24% used [0x0000000081400000,0x00000000828e9b30,0x0000000086980000)
 Metaspace       used 10594K, capacity 10792K, committed 11008K, reserved 1058816K
  class space    used 1381K, capacity 1480K, committed 1536K, reserved 1048576K
Event: 4.764 GC heap after
Heap after GC invocations=5 (full 0):
 PSYoungGen      total 38400K, used 5108K [0x00000000d5c00000, 0x00000000d8680000, 0x0000000100000000)
  eden space 33280K, 0% used [0x00000000d5c00000,0x00000000d5c00000,0x00000000d7c80000)
  from space 5120K, 99% used [0x00000000d7c80000,0x00000000d817d020,0x00000000d8180000)
  to   space 5120K, 0% used [0x00000000d8180000,0x00000000d8180000,0x00000000d8680000)
 ParOldGen       total 87552K, used 63674K [0x0000000081400000, 0x0000000086980000, 0x00000000d5c00000)
  object space 87552K, 72% used [0x0000000081400000,0x000000008522e9e0,0x0000000086980000)
 Metaspace       used 10594K, capacity 10792K, committed 11008K, reserved 1058816K
  class space    used 1381K, capacity 1480K, committed 1536K, reserved 1048576K
}
Event: 4.764 GC heap before
{Heap before GC invocations=6 (full 1):
 PSYoungGen      total 38400K, used 5108K [0x00000000d5c00000, 0x00000000d8680000, 0x0000000100000000)
  eden space 33280K, 0% used [0x00000000d5c00000,0x00000000d5c00000,0x00000000d7c80000)
  from space 5120K, 99% used [0x00000000d7c80000,0x00000000d817d020,0x00000000d8180000)
  to   space 5120K, 0% used [0x00000000d8180000,0x00000000d8180000,0x00000000d8680000)
 ParOldGen       total 87552K, used 63674K [0x0000000081400000, 0x0000000086980000, 0x00000000d5c00000)
  object space 87552K, 72% used [0x0000000081400000,0x000000008522e9e0,0x0000000086980000)
 Metaspace       used 10594K, capacity 10792K, committed 11008K, reserved 1058816K
  class space    used 1381K, capacity 1480K, committed 1536K, reserved 1048576K
Event: 4.805 GC heap after
Heap after GC invocations=6 (full 1):
 PSYoungGen      total 38400K, used 0K [0x00000000d5c00000, 0x00000000d8680000, 0x0000000100000000)
  eden space 33280K, 0% used [0x00000000d5c00000,0x00000000d5c00000,0x00000000d7c80000)
  from space 5120K, 0% used [0x00000000d7c80000,0x00000000d7c80000,0x00000000d8180000)
  to   space 5120K, 0% used [0x00000000d8180000,0x00000000d8180000,0x00000000d8680000)
 ParOldGen       total 76288K, used 5343K [0x0000000081400000, 0x0000000085e80000, 0x00000000d5c00000)
  object space 76288K, 7% used [0x0000000081400000,0x0000000081937e88,0x0000000085e80000)
 Metaspace       used 10594K, capacity 10792K, committed 11008K, reserved 1058816K
  class space    used 1381K, capacity 1480K, committed 1536K, reserved 1048576K
}

